<?xml version="1.0" encoding="UTF-8"?>
<!-- Generated by org.testng.reporters.JUnitReportReporter -->
<testsuite name="com.sussex.testMethods.TC02_verifyLoginTest" tests="1" time="12.053" ignored="0" failures="0" timestamp="28 May 2019 18:23:58 GMT" skipped="0" hostname="LAPTOP-U249V1UJ" errors="0">
  <testcase name="VerifyLoginTest" time="12.053" classname="com.sussex.testMethods.TC02_verifyLoginTest"/>
</testsuite> <!-- com.sussex.testMethods.TC02_verifyLoginTest -->
